<?xml version="1.0" encoding="UTF-8"?>
<!-- Generated by org.testng.reporters.JUnitReportReporter -->
<testsuite skipped="0" hostname="Mugunthan" name="org.sample.sample" tests="1" failures="0" timestamp="20 Aug 2021 12:14:59 GMT" time="0.561" errors="0">
  <testcase name="tcl" time="0.561" classname="org.sample.sample"/>
</testsuite> <!-- org.sample.sample -->
