<?xml version="1.0" encoding="UTF-8"?>
<!-- Generated by org.testng.reporters.JUnitReportReporter -->
<testsuite skipped="0" hostname="Mugunthan" name="org.suite.Fb" tests="3" failures="0" timestamp="23 Aug 2021 06:05:01 GMT" time="33.618" errors="0">
  <testcase name="tc1" time="11.204" classname="org.suite.Fb"/>
  <testcase name="tc1" time="14.532" classname="org.suite.Fb"/>
  <testcase name="tc1" time="7.882" classname="org.suite.Fb"/>
</testsuite> <!-- org.suite.Fb -->
