<?xml version="1.0" encoding="UTF-8"?>
<!-- Generated by org.testng.reporters.JUnitReportReporter -->
<testsuite skipped="0" hostname="Mugunthan" name="org.suite.B" tests="1" failures="0" timestamp="23 Aug 2021 04:36:00 GMT" time="1.683" errors="0">
  <testcase name="tc1" time="1.683" classname="org.suite.B"/>
</testsuite> <!-- org.suite.B -->
