<?xml version="1.0" encoding="UTF-8"?>
<!-- Generated by org.testng.reporters.JUnitReportReporter -->
<testsuite skipped="0" hostname="Mugunthan" name="org.crossrun.Tests" tests="3" failures="0" timestamp="31 Aug 2021 07:23:43 GMT" time="71.590" errors="0">
  <testcase name="tc1" time="29.210" classname="org.crossrun.Tests"/>
  <testcase name="tc1" time="25.943" classname="org.crossrun.Tests"/>
  <testcase name="tc1" time="16.437" classname="org.crossrun.Tests"/>
</testsuite> <!-- org.crossrun.Tests -->
