<?xml version="1.0" encoding="UTF-8"?>
<!-- Generated by org.testng.reporters.JUnitReportReporter -->
<testsuite skipped="0" hostname="Mugunthan" name="org.suite.A" tests="1" failures="0" timestamp="23 Aug 2021 04:36:00 GMT" time="5.123" errors="0">
  <testcase name="open" time="5.123" classname="org.suite.A"/>
</testsuite> <!-- org.suite.A -->
