<?xml version="1.0" encoding="UTF-8"?>
<!-- Generated by org.testng.reporters.JUnitReportReporter -->
<testsuite skipped="0" hostname="Mugunthan" name="org.suite.D" tests="1" failures="0" timestamp="21 Aug 2021 06:01:07 GMT" time="0.944" errors="0">
  <testcase name="tc3" time="0.944" classname="org.suite.D"/>
</testsuite> <!-- org.suite.D -->
