<?xml version="1.0" encoding="UTF-8"?>
<!-- Generated by org.testng.reporters.JUnitReportReporter -->
<testsuite skipped="0" hostname="Mugunthan" name="org.suite.Sample" tests="5" failures="0" timestamp="29 Aug 2021 02:55:02 GMT" time="24.503" errors="0">
  <testcase name="tc2" time="2.423" classname="org.suite.Sample"/>
  <testcase name="tc3" time="0.658" classname="org.suite.Sample"/>
  <testcase name="tc1" time="7.126" classname="org.suite.Sample"/>
  <testcase name="tc4" time="8.756" classname="org.suite.Sample"/>
  <testcase name="open" time="5.540" classname="org.suite.Sample"/>
</testsuite> <!-- org.suite.Sample -->
