<?xml version="1.0" encoding="UTF-8"?>
<!-- Generated by org.testng.reporters.JUnitReportReporter -->
<testsuite skipped="0" hostname="Mugunthan" name="org.sample.Run" tests="5" failures="0" timestamp="22 Aug 2021 12:00:53 GMT" time="20.157" errors="0">
  <testcase name="tc3" time="0.888" classname="org.sample.Run"/>
  <testcase name="tc2" time="2.498" classname="org.sample.Run"/>
  <testcase name="tc5" time="0.451" classname="org.sample.Run"/>
  <testcase name="tc1" time="7.842" classname="org.sample.Run"/>
  <testcase name="tc4" time="8.478" classname="org.sample.Run"/>
</testsuite> <!-- org.sample.Run -->
