<?xml version="1.0" encoding="UTF-8"?>
<!-- Generated by org.testng.reporters.JUnitReportReporter -->
<testsuite skipped="0" hostname="Mugunthan" name="org.suite.C" tests="1" failures="0" timestamp="21 Aug 2021 06:01:07 GMT" time="2.208" errors="0">
  <testcase name="tc2" time="2.208" classname="org.suite.C"/>
</testsuite> <!-- org.suite.C -->
