<?xml version="1.0" encoding="UTF-8"?>
<!-- Generated by org.testng.reporters.JUnitReportReporter -->
<testsuite skipped="0" hostname="Mugunthan" name="org.suite.F" tests="1" failures="0" timestamp="21 Aug 2021 06:01:07 GMT" time="0.220" errors="0">
  <testcase name="tc5" time="0.220" classname="org.suite.F"/>
</testsuite> <!-- org.suite.F -->
