<?xml version="1.0" encoding="UTF-8"?>
<!-- Generated by org.testng.reporters.JUnitReportReporter -->
<testsuite skipped="0" hostname="Mugunthan" name="org.suite.E" tests="1" failures="0" timestamp="21 Aug 2021 06:01:07 GMT" time="8.602" errors="0">
  <testcase name="tc4" time="8.602" classname="org.suite.E"/>
</testsuite> <!-- org.suite.E -->
