<?xml version="1.0" encoding="UTF-8"?>
<!-- Generated by org.testng.reporters.JUnitReportReporter -->
<testsuite skipped="0" hostname="Mugunthan" name="org.swiggytest.Swiggy" tests="4" failures="0" timestamp="13 Oct 2021 07:41:50 GMT" time="28.707" errors="0">
  <testcase name="SwiggyLogin" time="10.714" classname="org.swiggytest.Swiggy"/>
  <testcase name="SwiggySignup" time="7.269" classname="org.swiggytest.Swiggy"/>
  <testcase name="SwiggyLocateMe" time="5.101" classname="org.swiggytest.Swiggy"/>
  <testcase name="SwiggyFindFood" time="5.623" classname="org.swiggytest.Swiggy"/>
</testsuite> <!-- org.swiggytest.Swiggy -->
