<?xml version="1.0" encoding="UTF-8"?>
<!-- Generated by org.testng.reporters.JUnitReportReporter -->
<testsuite skipped="0" hostname="Mugunthan" name="org.run.Adactin" tests="1" failures="0" timestamp="27 Sep 2021 04:31:04 GMT" time="0.792" errors="0">
  <testcase name="tc1" time="0.792" classname="org.run.Adactin"/>
</testsuite> <!-- org.run.Adactin -->
