<?xml version="1.0" encoding="UTF-8"?>
<!-- Generated by org.testng.reporters.JUnitReportReporter -->
<testsuite skipped="1" hostname="Mugunthan" name="org.anotation.Anotations" tests="8" failures="0" timestamp="05 Oct 2021 04:44:47 GMT" time="0.037" errors="0">
  <testcase name="tc6" time="0.000" classname="org.anotation.Anotations"/>
  <testcase name="tc3" time="0.003" classname="org.anotation.Anotations"/>
  <testcase name="tc2" time="0.022" classname="org.anotation.Anotations"/>
  <testcase name="tcl" time="0.002" classname="org.anotation.Anotations"/>
  <testcase name="tc5" time="0.010" classname="org.anotation.Anotations"/>
  <testcase name="tc5" time="0.000" classname="org.anotation.Anotations"/>
  <testcase name="tc5" time="0.000" classname="org.anotation.Anotations"/>
  <testcase name="tc4" classname="org.anotation.Anotations">
    <skipped/>
  </testcase> <!-- tc4 -->
</testsuite> <!-- org.anotation.Anotations -->
